mode: set
github.com/ganitzsh/message-queue-go/queue/queue.go:19.72,24.2 1 1
github.com/ganitzsh/message-queue-go/queue/queue.go:26.52,28.2 1 1
github.com/ganitzsh/message-queue-go/queue/queue.go:30.95,42.2 6 1
github.com/ganitzsh/message-queue-go/queue/queue.go:44.49,46.2 1 1
github.com/ganitzsh/message-queue-go/queue/queue.go:48.28,51.2 2 1
github.com/ganitzsh/message-queue-go/worker/worker.go:20.83,22.18 2 1
github.com/ganitzsh/message-queue-go/worker/worker.go:26.2,33.3 1 1
github.com/ganitzsh/message-queue-go/worker/worker.go:22.18,24.3 1 1
github.com/ganitzsh/message-queue-go/worker/worker.go:36.60,40.2 2 1
github.com/ganitzsh/message-queue-go/worker/worker.go:42.42,44.2 1 1
github.com/ganitzsh/message-queue-go/worker/worker.go:46.104,49.15 2 1
github.com/ganitzsh/message-queue-go/worker/worker.go:57.2,60.15 3 1
github.com/ganitzsh/message-queue-go/worker/worker.go:64.2,64.12 1 1
github.com/ganitzsh/message-queue-go/worker/worker.go:97.2,97.16 1 1
github.com/ganitzsh/message-queue-go/worker/worker.go:49.15,55.3 3 1
github.com/ganitzsh/message-queue-go/worker/worker.go:60.15,62.3 1 1
github.com/ganitzsh/message-queue-go/worker/worker.go:64.12,65.16 1 1
github.com/ganitzsh/message-queue-go/worker/worker.go:69.3,73.7 3 1
github.com/ganitzsh/message-queue-go/worker/worker.go:65.16,67.4 1 1
github.com/ganitzsh/message-queue-go/worker/worker.go:73.7,75.13 2 1
github.com/ganitzsh/message-queue-go/worker/worker.go:81.4,83.43 2 1
github.com/ganitzsh/message-queue-go/worker/worker.go:75.13,79.5 2 1
github.com/ganitzsh/message-queue-go/worker/worker.go:83.43,89.5 3 1
github.com/ganitzsh/message-queue-go/worker/worker.go:89.10,93.5 2 1
github.com/ganitzsh/message-queue-go/worker/worker.go:100.29,101.22 1 1
github.com/ganitzsh/message-queue-go/worker/worker.go:105.2,106.16 2 1
github.com/ganitzsh/message-queue-go/worker/worker.go:101.22,103.3 1 1
