mode: set
github.com/ganitzsh/message-queue-go/queue/queue.go:19.72,24.2 1 1
github.com/ganitzsh/message-queue-go/queue/queue.go:26.52,28.2 1 1
github.com/ganitzsh/message-queue-go/queue/queue.go:30.95,42.2 6 1
github.com/ganitzsh/message-queue-go/queue/queue.go:44.49,46.2 1 1
github.com/ganitzsh/message-queue-go/queue/queue.go:48.28,51.2 2 1
github.com/ganitzsh/message-queue-go/worker/worker.go:25.83,27.18 2 1
github.com/ganitzsh/message-queue-go/worker/worker.go:31.2,38.3 1 1
github.com/ganitzsh/message-queue-go/worker/worker.go:27.18,29.3 1 1
github.com/ganitzsh/message-queue-go/worker/worker.go:41.60,45.2 2 1
github.com/ganitzsh/message-queue-go/worker/worker.go:47.42,49.2 1 1
github.com/ganitzsh/message-queue-go/worker/worker.go:51.104,54.15 2 1
github.com/ganitzsh/message-queue-go/worker/worker.go:62.2,65.15 3 1
github.com/ganitzsh/message-queue-go/worker/worker.go:69.2,69.12 1 1
github.com/ganitzsh/message-queue-go/worker/worker.go:102.2,102.16 1 1
github.com/ganitzsh/message-queue-go/worker/worker.go:54.15,60.3 3 1
github.com/ganitzsh/message-queue-go/worker/worker.go:65.15,67.3 1 1
github.com/ganitzsh/message-queue-go/worker/worker.go:69.12,70.16 1 1
github.com/ganitzsh/message-queue-go/worker/worker.go:74.3,78.7 3 1
github.com/ganitzsh/message-queue-go/worker/worker.go:70.16,72.4 1 1
github.com/ganitzsh/message-queue-go/worker/worker.go:78.7,80.13 2 1
github.com/ganitzsh/message-queue-go/worker/worker.go:86.4,88.43 2 1
github.com/ganitzsh/message-queue-go/worker/worker.go:80.13,84.5 2 1
github.com/ganitzsh/message-queue-go/worker/worker.go:88.43,94.5 3 1
github.com/ganitzsh/message-queue-go/worker/worker.go:94.10,98.5 2 1
github.com/ganitzsh/message-queue-go/worker/worker.go:105.29,106.22 1 1
github.com/ganitzsh/message-queue-go/worker/worker.go:110.2,111.16 2 1
github.com/ganitzsh/message-queue-go/worker/worker.go:106.22,108.3 1 1
